#-----------------------------------------------------------
# Vivado v2018.1 (64-bit)
# SW Build 2188600 on Wed Apr  4 18:40:38 MDT 2018
# IP Build 2185939 on Wed Apr  4 20:55:05 MDT 2018
# Start of session at: Tue May 29 17:24:49 2018
# Process ID: 1088
# Current directory: D:/OneDrive - 숭실대학교 - Soongsil University/2학년 1학기/디지털회로설계실험/12주차 보고서/Week_12_project2
# Command line: vivado.exe -gui_launcher_event rodinguilauncherevent5128 D:\OneDrive - 숭실대학교 - Soongsil University\2학년 1학기\디지털회로설계실험\12주차 보고서\Week_12_project2\Week_12_project2.xpr
# Log file: D:/OneDrive - 숭실대학교 - Soongsil University/2학년 1학기/디지털회로설계실험/12주차 보고서/Week_12_project2/vivado.log
# Journal file: D:/OneDrive - 숭실대학교 - Soongsil University/2학년 1학기/디지털회로설계실험/12주차 보고서/Week_12_project2\vivado.jou
#-----------------------------------------------------------
start_gui
open_project {D:/OneDrive - 숭실대학교 - Soongsil University/2학년 1학기/디지털회로설계실험/12주차 보고서/Week_12_project2/Week_12_project2.xpr}
INFO: [ProjectBase 1-489] The host OS only allows 260 characters in a normal path. The project is stored in a path with more than 80 characters. If you experience issues with IP, Block Designs, or files not being found, please consider moving the project to a location with a shorter path. Alternately consider using the OS subst command to map part of the path to a drive letter.
Current project path is 'D:/OneDrive - 숭실대학교 - Soongsil University/2학년 1학기/디지털회로설계실험/12주차 보고서/Week_12_project2'
INFO: [Project 1-313] Project file moved from 'C:/Users/user/Week_12_project2' since last save.
CRITICAL WARNING: [Project 1-311] Could not find the file 'D:/OneDrive - 숭실대학교 - Soongsil University/2학년 1학기/디지털회로설계실험/12주차 보고서/Week_12_project/Week_12_project.srcs/sources_1/new/bcd_dec.v', nor could it be found using path 'C:/Users/user/Week_12_project/Week_12_project.srcs/sources_1/new/bcd_dec.v'.
CRITICAL WARNING: [Project 1-311] Could not find the file 'D:/OneDrive - 숭실대학교 - Soongsil University/2학년 1학기/디지털회로설계실험/12주차 보고서/Week_12_project/Week_12_project.srcs/sources_1/new/clk_Ndiv.v', nor could it be found using path 'C:/Users/user/Week_12_project/Week_12_project.srcs/sources_1/new/clk_Ndiv.v'.
CRITICAL WARNING: [Project 1-311] Could not find the file 'D:/OneDrive - 숭실대학교 - Soongsil University/2학년 1학기/디지털회로설계실험/12주차 보고서/Week_12_project/Week_12_project.srcs/sources_1/new/seg_controller.v', nor could it be found using path 'C:/Users/user/Week_12_project/Week_12_project.srcs/sources_1/new/seg_controller.v'.
Scanning sources...
Finished scanning sources
INFO: [Project 1-230] Project 'Week_12_project2.xpr' upgraded for this version of Vivado.
INFO: [IP_Flow 19-234] Refreshing IP repositories
INFO: [IP_Flow 19-1704] No user IP repositories specified
INFO: [IP_Flow 19-2313] Loaded Vivado IP repository 'C:/Xilinx/Vivado/2018.1/data/ip'.
open_project: Time (s): cpu = 00:00:17 ; elapsed = 00:00:10 . Memory (MB): peak = 812.500 ; gain = 89.922
update_compile_order -fileset sources_1
open_run impl_1
INFO: [Netlist 29-17] Analyzing 31 Unisim elements for replacement
INFO: [Netlist 29-28] Unisim Transformation completed in 0 CPU seconds
INFO: [Project 1-479] Netlist was created with Vivado 2017.4
INFO: [Device 21-403] Loading part xc7z020clg484-1
INFO: [Project 1-570] Preparing netlist for logic optimization
INFO: [Constraints 18-4397] Generator change detected checking ShapeConfig Enum. shapeDB will be regenerated.
Parsing XDC File [D:/OneDrive - 숭실대학교 - Soongsil University/2학년 1학기/디지털회로설계실험/12주차 보고서/Week_12_project2/Week_12_project2.runs/impl_1/top_module_routed/top_module.xdc]
Finished Parsing XDC File [D:/OneDrive - 숭실대학교 - Soongsil University/2학년 1학기/디지털회로설계실험/12주차 보고서/Week_12_project2/Week_12_project2.runs/impl_1/top_module_routed/top_module.xdc]
Reading XDEF placement.
Reading placer database...
Reading XDEF routing.
Read XDEF File: Time (s): cpu = 00:00:00 ; elapsed = 00:00:00.099 . Memory (MB): peak = 1126.703 ; gain = 0.250
Restored from archive | CPU: 0.000000 secs | Memory: 0.000000 MB |
Finished XDEF File Restore: Time (s): cpu = 00:00:00 ; elapsed = 00:00:00.100 . Memory (MB): peak = 1126.703 ; gain = 0.250
INFO: [Opt 31-138] Pushed 0 inverter(s) to 0 load pin(s).
INFO: [Project 1-111] Unisim Transformation Summary:
No Unisim elements were transformed.

open_run: Time (s): cpu = 00:00:23 ; elapsed = 00:00:18 . Memory (MB): peak = 1249.379 ; gain = 407.637
WARNING: [Timing 38-313] There are no user specified timing constraints. Timing constraints are needed for proper timing analysis.
close [ open {D:/OneDrive - 숭실대학교 - Soongsil University/2학년 1학기/디지털회로설계실험/12주차 보고서/Week_12_project2/Week_12_project2.srcs/sources_1/new/seg_controller.v} w ]
add_files {{D:/OneDrive - 숭실대학교 - Soongsil University/2학년 1학기/디지털회로설계실험/12주차 보고서/Week_12_project2/Week_12_project2.srcs/sources_1/new/seg_controller.v}}
close [ open {D:/OneDrive - 숭실대학교 - Soongsil University/2학년 1학기/디지털회로설계실험/12주차 보고서/Week_12_project2/Week_12_project2.srcs/sources_1/new/bcd_dec.v} w ]
add_files {{D:/OneDrive - 숭실대학교 - Soongsil University/2학년 1학기/디지털회로설계실험/12주차 보고서/Week_12_project2/Week_12_project2.srcs/sources_1/new/bcd_dec.v}}
close [ open {D:/OneDrive - 숭실대학교 - Soongsil University/2학년 1학기/디지털회로설계실험/12주차 보고서/Week_12_project2/Week_12_project2.srcs/sources_1/new/clk_Ndiv.v} w ]
add_files {{D:/OneDrive - 숭실대학교 - Soongsil University/2학년 1학기/디지털회로설계실험/12주차 보고서/Week_12_project2/Week_12_project2.srcs/sources_1/new/clk_Ndiv.v}}
update_compile_order -fileset sources_1
update_compile_order -fileset sources_1
update_compile_order -fileset sources_1
export_ip_user_files -of_objects  [get_files {{D:/OneDrive - 숭실대학교 - Soongsil University/2학년 1학기/디지털회로설계실험/12주차 보고서/Week_12_project/Week_12_project.srcs/sources_1/new/bcd_dec.v}}] -no_script -reset -force -quiet
export_ip_user_files -of_objects  [get_files {{D:/OneDrive - 숭실대학교 - Soongsil University/2학년 1학기/디지털회로설계실험/12주차 보고서/Week_12_project/Week_12_project.srcs/sources_1/new/clk_Ndiv.v}}] -no_script -reset -force -quiet
export_ip_user_files -of_objects  [get_files {{D:/OneDrive - 숭실대학교 - Soongsil University/2학년 1학기/디지털회로설계실험/12주차 보고서/Week_12_project/Week_12_project.srcs/sources_1/new/seg_controller.v}}] -no_script -reset -force -quiet
remove_files  {{D:/OneDrive - 숭실대학교 - Soongsil University/2학년 1학기/디지털회로설계실험/12주차 보고서/Week_12_project/Week_12_project.srcs/sources_1/new/bcd_dec.v} {D:/OneDrive - 숭실대학교 - Soongsil University/2학년 1학기/디지털회로설계실험/12주차 보고서/Week_12_project/Week_12_project.srcs/sources_1/new/clk_Ndiv.v} {D:/OneDrive - 숭실대학교 - Soongsil University/2학년 1학기/디지털회로설계실험/12주차 보고서/Week_12_project/Week_12_project.srcs/sources_1/new/seg_controller.v}}
WARNING: [filemgmt 56-199] Attempt to get parsing info during refresh. "On-the-fly" syntax checking information may be incorrect. [D:/OneDrive - 숭실대학교 - Soongsil University/2학년 1학기/디지털회로설계실험/12주차 보고서/Week_12_project2/Week_12_project2.srcs/sources_1/new/top_module.v:]
WARNING: [filemgmt 56-199] Attempt to get parsing info during refresh. "On-the-fly" syntax checking information may be incorrect. [D:/OneDrive - 숭실대학교 - Soongsil University/2학년 1학기/디지털회로설계실험/12주차 보고서/Week_12_project2/Week_12_project2.srcs/sources_1/new/MfReg4.v:]
WARNING: [filemgmt 56-199] Attempt to get parsing info during refresh. "On-the-fly" syntax checking information may be incorrect. [D:/OneDrive - 숭실대학교 - Soongsil University/2학년 1학기/디지털회로설계실험/12주차 보고서/Week_12_project2/Week_12_project2.srcs/sources_1/new/seg_controller.v:]
WARNING: [filemgmt 56-199] Attempt to get parsing info during refresh. "On-the-fly" syntax checking information may be incorrect. [D:/OneDrive - 숭실대학교 - Soongsil University/2학년 1학기/디지털회로설계실험/12주차 보고서/Week_12_project2/Week_12_project2.srcs/sources_1/new/bcd_dec.v:]
WARNING: [filemgmt 56-199] Attempt to get parsing info during refresh. "On-the-fly" syntax checking information may be incorrect. [D:/OneDrive - 숭실대학교 - Soongsil University/2학년 1학기/디지털회로설계실험/12주차 보고서/Week_12_project2/Week_12_project2.srcs/sources_1/new/clk_Ndiv.v:]
WARNING: [filemgmt 56-199] Attempt to get parsing info during refresh. "On-the-fly" syntax checking information may be incorrect. [D:/OneDrive - 숭실대학교 - Soongsil University/2학년 1학기/디지털회로설계실험/12주차 보고서/Week_12_project2/Week_12_project2.srcs/sources_1/new/top_module.v:]
WARNING: [filemgmt 56-199] Attempt to get parsing info during refresh. "On-the-fly" syntax checking information may be incorrect. [D:/OneDrive - 숭실대학교 - Soongsil University/2학년 1학기/디지털회로설계실험/12주차 보고서/Week_12_project2/Week_12_project2.srcs/sources_1/new/MfReg4.v:]
WARNING: [filemgmt 56-199] Attempt to get parsing info during refresh. "On-the-fly" syntax checking information may be incorrect. [D:/OneDrive - 숭실대학교 - Soongsil University/2학년 1학기/디지털회로설계실험/12주차 보고서/Week_12_project2/Week_12_project2.srcs/sources_1/new/seg_controller.v:]
WARNING: [filemgmt 56-199] Attempt to get parsing info during refresh. "On-the-fly" syntax checking information may be incorrect. [D:/OneDrive - 숭실대학교 - Soongsil University/2학년 1학기/디지털회로설계실험/12주차 보고서/Week_12_project2/Week_12_project2.srcs/sources_1/new/bcd_dec.v:]
WARNING: [filemgmt 56-199] Attempt to get parsing info during refresh. "On-the-fly" syntax checking information may be incorrect. [D:/OneDrive - 숭실대학교 - Soongsil University/2학년 1학기/디지털회로설계실험/12주차 보고서/Week_12_project2/Week_12_project2.srcs/sources_1/new/clk_Ndiv.v:]
WARNING: [filemgmt 56-199] Attempt to get parsing info during refresh. "On-the-fly" syntax checking information may be incorrect. [D:/OneDrive - 숭실대학교 - Soongsil University/2학년 1학기/디지털회로설계실험/12주차 보고서/Week_12_project2/Week_12_project2.srcs/sources_1/new/top_module.v:]
WARNING: [filemgmt 56-199] Attempt to get parsing info during refresh. "On-the-fly" syntax checking information may be incorrect. [D:/OneDrive - 숭실대학교 - Soongsil University/2학년 1학기/디지털회로설계실험/12주차 보고서/Week_12_project2/Week_12_project2.srcs/sources_1/new/MfReg4.v:]
WARNING: [filemgmt 56-199] Attempt to get parsing info during refresh. "On-the-fly" syntax checking information may be incorrect. [D:/OneDrive - 숭실대학교 - Soongsil University/2학년 1학기/디지털회로설계실험/12주차 보고서/Week_12_project2/Week_12_project2.srcs/sources_1/new/seg_controller.v:]
WARNING: [filemgmt 56-199] Attempt to get parsing info during refresh. "On-the-fly" syntax checking information may be incorrect. [D:/OneDrive - 숭실대학교 - Soongsil University/2학년 1학기/디지털회로설계실험/12주차 보고서/Week_12_project2/Week_12_project2.srcs/sources_1/new/bcd_dec.v:]
WARNING: [filemgmt 56-199] Attempt to get parsing info during refresh. "On-the-fly" syntax checking information may be incorrect. [D:/OneDrive - 숭실대학교 - Soongsil University/2학년 1학기/디지털회로설계실험/12주차 보고서/Week_12_project2/Week_12_project2.srcs/sources_1/new/clk_Ndiv.v:]
close [ open {D:/OneDrive - 숭실대학교 - Soongsil University/2학년 1학기/디지털회로설계실험/12주차 보고서/Week_12_project2/Week_12_project2.srcs/sources_1/new/adder.v} w ]
add_files {{D:/OneDrive - 숭실대학교 - Soongsil University/2학년 1학기/디지털회로설계실험/12주차 보고서/Week_12_project2/Week_12_project2.srcs/sources_1/new/adder.v}}
update_compile_order -fileset sources_1
exit
INFO: [Common 17-206] Exiting Vivado at Tue May 29 18:13:14 2018...
